{"/home/kantush/Desktop/Dev/Microverse/Module_2/Javascript-group-capstone-project/src/js/commentCounter.js": {"path":"/home/kantush/Desktop/Dev/Microverse/Module_2/Javascript-group-capstone-project/src/js/commentCounter.js","statementMap":{"0":{"start":{"line":1,"column":25},"end":{"line":1,"column":128}},"1":{"start":{"line":2,"column":27},"end":{"line":5,"column":1}},"2":{"start":{"line":3,"column":19},"end":{"line":3,"column":92}},"3":{"start":{"line":3,"column":88},"end":{"line":3,"column":91}},"4":{"start":{"line":4,"column":2},"end":{"line":4,"column":25}},"5":{"start":{"line":8,"column":25},"end":{"line":13,"column":1}},"6":{"start":{"line":9,"column":14},"end":{"line":11,"column":19}},"7":{"start":{"line":10,"column":21},"end":{"line":10,"column":50}},"8":{"start":{"line":11,"column":17},"end":{"line":11,"column":18}},"9":{"start":{"line":12,"column":2},"end":{"line":12,"column":13}},"10":{"start":{"line":14,"column":14},"end":{"line":14,"column":52}},"11":{"start":{"line":17,"column":33},"end":{"line":21,"column":1}},"12":{"start":{"line":18,"column":2},"end":{"line":20,"column":5}},"13":{"start":{"line":19,"column":4},"end":{"line":19,"column":61}},"14":{"start":{"line":22,"column":23},"end":{"line":22,"column":87}},"15":{"start":{"line":22,"column":34},"end":{"line":22,"column":86}},"16":{"start":{"line":24,"column":0},"end":{"line":30,"column":3}},"17":{"start":{"line":25,"column":2},"end":{"line":29,"column":3}},"18":{"start":{"line":26,"column":17},"end":{"line":26,"column":54}},"19":{"start":{"line":27,"column":26},"end":{"line":27,"column":46}},"20":{"start":{"line":28,"column":4},"end":{"line":28,"column":79}}},"fnMap":{"0":{"name":"(anonymous_0)","decl":{"start":{"line":2,"column":27},"end":{"line":2,"column":28}},"loc":{"start":{"line":2,"column":46},"end":{"line":5,"column":1}},"line":2},"1":{"name":"(anonymous_1)","decl":{"start":{"line":3,"column":79},"end":{"line":3,"column":80}},"loc":{"start":{"line":3,"column":88},"end":{"line":3,"column":91}},"line":3},"2":{"name":"(anonymous_2)","decl":{"start":{"line":8,"column":25},"end":{"line":8,"column":26}},"loc":{"start":{"line":8,"column":44},"end":{"line":13,"column":1}},"line":8},"3":{"name":"(anonymous_3)","decl":{"start":{"line":10,"column":10},"end":{"line":10,"column":11}},"loc":{"start":{"line":10,"column":21},"end":{"line":10,"column":50}},"line":10},"4":{"name":"(anonymous_4)","decl":{"start":{"line":11,"column":11},"end":{"line":11,"column":12}},"loc":{"start":{"line":11,"column":17},"end":{"line":11,"column":18}},"line":11},"5":{"name":"(anonymous_5)","decl":{"start":{"line":17,"column":33},"end":{"line":17,"column":34}},"loc":{"start":{"line":17,"column":46},"end":{"line":21,"column":1}},"line":17},"6":{"name":"(anonymous_6)","decl":{"start":{"line":18,"column":33},"end":{"line":18,"column":34}},"loc":{"start":{"line":18,"column":44},"end":{"line":20,"column":3}},"line":18},"7":{"name":"(anonymous_7)","decl":{"start":{"line":22,"column":23},"end":{"line":22,"column":24}},"loc":{"start":{"line":22,"column":34},"end":{"line":22,"column":86}},"line":22},"8":{"name":"(anonymous_8)","decl":{"start":{"line":24,"column":35},"end":{"line":24,"column":36}},"loc":{"start":{"line":24,"column":48},"end":{"line":30,"column":1}},"line":24}},"branchMap":{"0":{"loc":{"start":{"line":10,"column":21},"end":{"line":10,"column":50}},"type":"cond-expr","locations":[{"start":{"line":10,"column":35},"end":{"line":10,"column":46}},{"start":{"line":10,"column":49},"end":{"line":10,"column":50}}],"line":10},"1":{"loc":{"start":{"line":22,"column":34},"end":{"line":22,"column":86}},"type":"cond-expr","locations":[{"start":{"line":22,"column":63},"end":{"line":22,"column":74}},{"start":{"line":22,"column":77},"end":{"line":22,"column":86}}],"line":22},"2":{"loc":{"start":{"line":25,"column":2},"end":{"line":29,"column":3}},"type":"if","locations":[{"start":{"line":25,"column":2},"end":{"line":29,"column":3}},{"start":{},"end":{}}],"line":25},"3":{"loc":{"start":{"line":28,"column":60},"end":{"line":28,"column":78}},"type":"binary-expr","locations":[{"start":{"line":28,"column":60},"end":{"line":28,"column":73}},{"start":{"line":28,"column":77},"end":{"line":28,"column":78}}],"line":28}},"s":{"0":1,"1":1,"2":0,"3":0,"4":0,"5":1,"6":0,"7":0,"8":0,"9":0,"10":1,"11":1,"12":0,"13":0,"14":1,"15":3,"16":1,"17":0,"18":0,"19":0,"20":0},"f":{"0":0,"1":0,"2":0,"3":0,"4":0,"5":0,"6":0,"7":3,"8":0},"b":{"0":[0,0],"1":[2,1],"2":[0,0],"3":[0,0]},"_coverageSchema":"1a1c01bbd47fc00a2c39e90264f33305004495a9","hash":"6cec3b2485173fdd2699970a0fa5003b6c828052"}
,"/home/kantush/Desktop/Dev/Microverse/Module_2/Javascript-group-capstone-project/src/js/itemsCounter.js": {"path":"/home/kantush/Desktop/Dev/Microverse/Module_2/Javascript-group-capstone-project/src/js/itemsCounter.js","statementMap":{"0":{"start":{"line":1,"column":28},"end":{"line":1,"column":92}},"1":{"start":{"line":1,"column":39},"end":{"line":1,"column":91}},"2":{"start":{"line":3,"column":29},"end":{"line":7,"column":1}},"3":{"start":{"line":4,"column":21},"end":{"line":4,"column":60}},"4":{"start":{"line":5,"column":18},"end":{"line":5,"column":36}},"5":{"start":{"line":6,"column":2},"end":{"line":6,"column":49}}},"fnMap":{"0":{"name":"(anonymous_0)","decl":{"start":{"line":1,"column":28},"end":{"line":1,"column":29}},"loc":{"start":{"line":1,"column":39},"end":{"line":1,"column":91}},"line":1},"1":{"name":"(anonymous_1)","decl":{"start":{"line":3,"column":29},"end":{"line":3,"column":30}},"loc":{"start":{"line":3,"column":39},"end":{"line":7,"column":1}},"line":3}},"branchMap":{"0":{"loc":{"start":{"line":1,"column":39},"end":{"line":1,"column":91}},"type":"cond-expr","locations":[{"start":{"line":1,"column":68},"end":{"line":1,"column":79}},{"start":{"line":1,"column":82},"end":{"line":1,"column":91}}],"line":1}},"s":{"0":1,"1":3,"2":1,"3":0,"4":0,"5":0},"f":{"0":3,"1":0},"b":{"0":[2,1]},"_coverageSchema":"1a1c01bbd47fc00a2c39e90264f33305004495a9","hash":"cd519c9bcd0586e44e7779f93586a1302c21912e"}
}
