TN:
SF:src/js/commentCounter.js
FN:2,(anonymous_0)
FN:3,(anonymous_1)
FN:8,(anonymous_2)
FN:10,(anonymous_3)
FN:11,(anonymous_4)
FN:17,(anonymous_5)
FN:18,(anonymous_6)
FN:22,(anonymous_7)
FN:24,(anonymous_8)
FNF:9
FNH:1
FNDA:0,(anonymous_0)
FNDA:0,(anonymous_1)
FNDA:0,(anonymous_2)
FNDA:0,(anonymous_3)
FNDA:0,(anonymous_4)
FNDA:0,(anonymous_5)
FNDA:0,(anonymous_6)
FNDA:3,(anonymous_7)
FNDA:0,(anonymous_8)
DA:1,1
DA:2,1
DA:3,0
DA:4,0
DA:8,1
DA:9,0
DA:10,0
DA:11,0
DA:12,0
DA:14,1
DA:17,1
DA:18,0
DA:19,0
DA:22,3
DA:24,1
DA:25,0
DA:26,0
DA:27,0
DA:28,0
LF:19
LH:7
BRDA:10,0,0,0
BRDA:10,0,1,0
BRDA:22,1,0,2
BRDA:22,1,1,1
BRDA:25,2,0,0
BRDA:25,2,1,0
BRDA:28,3,0,0
BRDA:28,3,1,0
BRF:8
BRH:2
end_of_record
TN:
SF:src/js/itemsCounter.js
FN:1,(anonymous_0)
FN:3,(anonymous_1)
FNF:2
FNH:1
FNDA:3,(anonymous_0)
FNDA:0,(anonymous_1)
DA:1,3
DA:3,1
DA:4,0
DA:5,0
DA:6,0
LF:5
LH:2
BRDA:1,0,0,2
BRDA:1,0,1,1
BRF:2
BRH:2
end_of_record
